1 [3, 1, 2, 7, 9, 14, 15, 17, 18, 91, 144, 145, 159, 160, 161, 162, 163, 164, 165, 166]
2 [4, 5, 27]
3 [8]
4 [10, 11, 12, 21]
5 [16]
6 [22, 137]
7 [23, 25]
8 [24]
9 [26]
10 [28, 29, 31, 34, 36, 43, 102]
11 [35, 37, 93]
12 [39, 150]
13 [40, 13, 41, 42, 64, 66, 97, 100, 104, 153, 156]
14 [44, 6, 45, 46, 47, 48, 49, 50, 51, 52, 53, 105, 106, 107, 109, 110, 123]
15 [55, 57, 60]
16 [56, 59, 62, 63, 68, 127, 151]
17 [61]
18 [65]
19 [67]
20 [86, 74, 75, 89, 119]
21 [88, 32, 33, 38, 69, 70, 71, 72, 73, 76, 77, 78, 79, 80, 81, 82, 83, 84, 85, 87, 90, 98, 99, 112, 118, 121, 131, 132, 133, 134, 135, 146, 147, 148]
22 [92]
23 [94, 96]
24 [95, 111, 126]
25 [101, 103]
26 [113, 108, 116, 120, 124, 125, 128, 129, 130, 149]
27 [114, 115, 117, 122]
28 [136, 19, 20, 30, 138, 139]
29 [140]
30 [142]
31 [143]
32 [155, 54, 58, 141, 152, 154, 158]
33 [157]
